<?xml version="1.0" encoding="UTF-8"?>
<testsuite xmlns:xsi="http://www.w3.org/2001/XMLSchema-instance" xsi:noNamespaceSchemaLocation="https://maven.apache.org/surefire/maven-surefire-plugin/xsd/surefire-test-report.xsd" name="edu.udacity.java.nano.test.WebSocketChatServerTest" time="31.415" tests="4" errors="0" skipped="0" failures="0">
  <properties>
[...]
</properties>
  <testcase name="chatRoomLoginPage" classname="edu.udacity.java.nano.test.WebSocketChatServerTest" time="6.401"/>
  <testcase name="chatRoomSendMessage" classname="edu.udacity.java.nano.test.WebSocketChatServerTest" time="7.026"/>
  <testcase name="chatRoomExit" classname="edu.udacity.java.nano.test.WebSocketChatServerTest" time="5.092"/>
  <testcase name="chatRoomJoinedPage" classname="edu.udacity.java.nano.test.WebSocketChatServerTest" time="8.529"/>
</testsuite>